[    0.000000] Initializing cgroup subsys cpuset
[    0.000000] Initializing cgroup subsys cpu
[   0.000000] Iniializng cro subsys cpuacct
[  000000Linuxveion 4..0-116-generic (buildd@lgw01-amd64-021) (gcc version 5.4.0 20160609 (Ubuntu 5.4.0-6ubtu1~16.04.9) ) #140-Ubuntu SMP Mon Feb 12 21:23:04 UTC 2018 (Ubuntu 4.4.0-116.140-generic 4.4.98)
[    0.000000] Command line: BOOT_IMAGE=/boot/vmlinuz-4.4.0-116-generic root=LABEL=cloudimg-rootfsroconsole=tty1 console=ttyS0
[    0.000000] KERNEL supported cpus:
[    0.000000]   Intel GenuineIntel
[    0.000000]   AMD AuthenticAMD
[    0.000000]   Centaur CentaurHauls
[    0.000000] x86/fpu: xstate_offset[2]:  576, xstae_szes[2]  56
[    0.000000] x86/fpu: Supporting XSAVE feature 0x01: 'x87 floating point regster'
[  0000000] x86/fpu: Suppoting XSAVE feature 0x02: 'SSE registers'
[    0.000000] x86/fpu: SupotingXSE feature 0x04: 'AVX registers'
[   000000] x86/fpu: Enabled xstate features 0x7, context size is 832 bytes, using 'standard' format.
[    0.000000] x86/fpu: Using 'lazy' FPU context switches.
[    0.000000] e820: BIOS-provided physical RAM map:
[    0.000000] BIOS-e820: [mem 0x0000000000000000-0x000000000009fbff] usable
[    0.000000] BIOS-e820: [mem 0x000000000009fc00-0x000000000009ffff] reserved
[    0.000000] BIOS-e820: [mem 0x00000000000f0000-0x00000000000fffff] reserved
[    0.000000] BIOS-e820: [mem 0x0000000000100000-0x000000003ffeffff] usable
[    0.000000] BIOS-e820: [mem 0x000000003fff0000-x0000000ffffff]AC data
[    0.000000] BIOS-e820: [me0x0000000fec00000-0x00000000fec0fff]reserved
[   0.000000] BIOS-e820: [mem 0x00000000fee00000-0x00000000fee00fff] reserved
[    0.000000] BIOS-e820: [mem 0x00000000fffc0000-0xx00000000ffffffff] reserved
[   .00000] NX (Execute Disable) protection: active
[    0.000000] SMBIOS 2.5 present.
[    0.000000] Hypervisor detected: KVM
[    0.000000] e820: last_pfn = 0x3fff0 max_arch_pfn = 0x400000000
[    0.000000] MTRR: Disabled
[    0.000000] x86/PAT: MTRRs disabled, skipping PAT initialization too.
[    0.000000] CPU MTRRs all blank - virtualized system.
[    0.000000] x86/PAT: Configuration [0-7]: WB  WT  UC- UC  WB  WT  UC- UC  
[    0.000000] found SMP MP-table at [mem 0x0009fff0-0x0009ffff] mapped at [ffff88000009fff0]
[    0.000000] Scanning 1 areas for low memory corruption
[    0.000000] RAMDISK: [mem 0x36ac2000-0x37558fff]
[    0.000000] ACPI: Early table checksum verification disabled
[    0.000000] ACPI: RSDP 0x00000000000E0000 000024 (v02 VBOX  )
[    0.000000] ACPI: XSDT 0x000000003FFF0030 00003C (v01 VBOX   VBOXXSDT 00000001 ASL  00000061)
[    0.000000] ACPI: FACP 0x000000003FFF00F0 0000F4 (v04 VBOX   VBOXFACP 00000001 ASL  00000061)
[    0.000000] ACPI: DSDT 0x000000003FFF0470 0021FF (v02 VBOX   VBOXBIOS 00000002 INTL 20100528)
[    0.000000] ACPI: FACS 0x000000003FFF0200 000040
[    0.000000] ACPI: FACS 0x000000003FFF0200 000040
[    0.000000] ACPI: APIC 0x000000003FFF0240 00005C (v02 VBOX   VBOXAPIC 00000001 ASL  00000061)
[    0.000000] ACPI: SSDT 0x000000003FFF02A0 0001CC (v01 VBOX   VBOXCPUT 00000002 INTL 20100528)
[    0.000000] No NUMA configuration found
[    0.000000] Faking a node at [mem 0x0000000000000000-0x000000003ffeffff]
[    0.000000] NODE_DATA(0) allocated [mem 0x3ffeb000-0x3ffeffff]
[    0.000000] kvm-clock: Using msrs 4b564d01 and 4b564d00
[    0.000000] kvm-clock: cpu 0, msr 0:3ffe3001, primary cpu clock
[    0.000000] kvm-clock: using sched offset of 3303265908 cycles
[    0.000000] clocksource: kvm-clock: mask: 0xffffffffffffffff max_cycles: 0x1cd42e4dffb, max_idle_ns: 881590591483 ns
[    0.000000] Zone ranges:
[    0.000000]   DMA      [mem 0x0000000000001000-0x0000000000ffffff]
[    0.000000]   DMA32    [mem 0x0000000001000000-0x000000003ffeffff]
[    0.000000]   Normal   empty
[    0.000000]   Device   empty
[    0.000000] Movable zone start for each node
[    0.000000] Early memory node ranges
[    0.000000]   node   0: [mem 0x0000000000001000-0x000000000009efff]
[    0.000000]   node   0: [mem 0x0000000000100000-0x000000003ffeffff
[   000000] Initmem setup node 0 [mem 0x0000000000001000-0x000000003ffeffff]
[  00000 ACPI: M-Tmer IO Port: 0x4008
[    0.0000] IOAPIC[0]: apic_id 2, version 32, address 0xfec00000, GSI 0-23
[    0.000000] ACPI: INT_SRC_OVR (bus 0 bus_irq 0 global_irq 2 dfl dfl)
[    0.000000] ACPI: INT_SRC_OVR (bus 0 bus_irq 9 global_irq 9 low level)
[    0.000000] Using ACPI (MADT) for SMP configuration information
[    0.000000] smpboot: Allowing 2 CPUs, 0 hotplug CPUs
[    0.000000] PM: Registered nosave memory: [mem 0x00000000-0x00000fff]
[    0.000000] PM: Registered nosave memory: [mem 0x0009f000-0x0009ffff]
[    0.000000] PM: Registered nosave memory: [mem 0x000a0000-0x000effff]
[    0.000000] PM: Registered nosave memory: [mem 0x000f0000-0x000fffff]
[    0.000000] e820: [mem 0x40000000-0xfebfffff] available for PCI devices
[    0.000000] Booting prartualizedkeel on KVM
[  0000000] clocksource: refined-jiffies: mask: 0xffffffff max_cycles: 0xffffffff, max_idle_ns: 7645519600211568 ns
[  0.000000] setup_percpu: NR_CPUS:512 nr_cpumask_bits:512 nr_cpu_ids:2 nr_node_ids:1
[    0.000000] PERCPU: Embedded 34 pages/cpu @ffff88003fc00000 s99544 r8192 d31528 u1048576
[    0.000000] PV qspinlock hash table entries: 256 (order: 0, 4096 bytes)
[  0000000] Built 1 zonelists in Node order, mobility grouping on.  Total pages: 257913
[   0.0000Policy zneDMA32
[    0.000000] Kernel command line: BOOT_IMAGE=/boot/vmlinuz-4.4.0-116-generic root=LABEL=cloudimg-rootfs ro console=tty1 console=ttyS0
[    0.00000] PID hash tabl entries: 4096 (ordr:3, 32768 bytes)
[    0.000000] Memory: 1001688K/1048120K available (8530K kernel code, 1309K rwdata, 3992K rodata, 1508K init, 1316K bss, 46432K reserved, 0K cma-reserved)
[    0.000000] SLUB: HWalign=64, Order=0-3, MinObjects=0, CPUs=2, Nodes=1
[    0.000000] Kernel/User page tables isolation: enabled
[    0.000000] Hierarchical RCU implemenaton.
[   000000] 	Build-time adjustment of leaf fanout to 64.
[    0.000000] 	RCU restricting CPUs from NR_CPUS=512 to nr_cpu_ids=2.
[    0.000000] RCU: Adjusting geometry for rcu_fanout_leaf=64, nr_cpu_ids=2
[    0.000000] NR_IRQS:33024 nr_irqs:440 16
[    0.000000] Console: colour VGA+ 80x25
[    0.000000] console [tty1] enabled
[    0.000000] console [ttyS0] enabled
[    0.000000] tsc: Detected 2494.316 MHz processor
[    2.651698] Calibrating delay loop (skipped) preset value.. 4988.63 BogoMIPS (lpj=9977264)
[    2.672653] pid_max: default: 32768 minimum: 301
[    2.679547] ACPI: Core revision 20150930
[    2.692460] ACPI: 2 ACPI AML tables successfully acquired and loaded
[    2.711034] Security Framework initialized
[    2.716927] Yama: becoming mindful.
[    2.723521] AppArmor: AppArmor initialized
[    2.730099] Dentry cache hash table entries: 131072 (order: 8, 1048576 bytes)
[    2.761479] Inode-cache hash table entries: 65536 (order: 7, 524288 bytes)
[    2.768591] Mount-cache hash table entries: 2048 (order: 2, 16384 bytes)
[    2.789838] Mountpoint-cache hash table entries: 2048 (order: 2, 16384 bytes)
[    2.796932] Initializing cgroup subsys io
[    2.806475] Initializing cgroup subsys memory
[    2.816471] Initializing cgroup subsys devices
[    2.823066] Initializing cgroup subsys freezer
[    2.836844] Initializing cgroup subsys net_cls
[    2.843659] Initializing cgroup subsys perf_event
[    2.846656] Initializing cgroup subsys net_prio
[    2.860737] Initializing cgroup subsys hugetlb
[    2.867394] Initializing cgroup subsys pids
[    2.873942] CPU: Physical Processor ID: 0
[    2.880529] CPU: Processor Core ID: 0
[    2.887035] FEATURE SPEC_CTRL Not Present
[    2.918168] mce: CPU supports 0 MCE banks
[    2.924657] Last level iTLB entries: 4KB 512, 2MB 8, 4MB 8
[    2.945280] Last level dTLB entries: 4KB 512, 2MB 32, 4MB 32, 1GB 0
[    2.959118] Spectre V2 mitigation: Mitigation: Full generic retpoline
[    2.966109] Spectre V2 mitigation: Speculation control IBPB not-supported IBRS not-supported
[    2.970200] Freeing SMP alternatives memory: 32K
[    2.988258] ftrace: allocating 32186 entries in 126 pages
[    3.063846] smpboot: APIC(0) Converting physical 0 to logical package 0
[    3.071863] smpboot: Max logical packages: 1
[    3.085099] x2apic enabled
[    3.100677] Switched APIC routing to physical x2apic.
[    3.160138] ..TIMER: vector=0x30 apic1=0 pin1=2 apic2=-1 pin2=-1
[    3.298298] smpboot: CPU0: Intel(R) Core(TM) i5-3210M CPU @ 2.50GHz (family: 0x6, model: 0x3a, stepping: 0x9)
[    3.338708] Performance Events: unsupported p6 CPU model 58 no PMU driver, software events only.
[    3.363692] KVM setup paravirtual spinlock
[    3.381030] x86: Booting SMP configuration:
[    3.391363] .... node  #0, CPUs:      #1
[    3.409660] kvm-clock: cpu 1, msr 0:3ffe3041, secondary cpu clock
[    3.416943] mce: CPU supports 0 MCE banks
[    3.419590] x86: Booted up 1 node, 2 CPUs
[    3.423535] smpboot: Total of 2 processors activated (9977.26 BogoMIPS)
[    3.425653] devtmpfs: initialized
[    3.428204] evm: security.selinux
[    3.455755] evm: security.SMACK64
[    3.466824] evm: security.SMACK64EXEC
[    3.467809] evm: security.SMACK64TRANSMUTE
[    3.478333] evm: security.SMACK64MMAP
[    3.484031] evm: security.ima
[    3.507448] evm: security.capability
[    3.521379] clocksource: jiffies: mask: 0xffffffff max_cycles: 0xffffffff, max_idle_ns: 7645041785100000 ns
[    3.560390] futex hash table entries: 512 (order: 3, 32768 bytes)
[    3.573441] pinctrl core: initialized pinctrl subsystem
[    3.577342] RTC time: 22:40:41, date: 03/24/18
[    3.584102] NET: Registered protocol family 16
[    3.601348] cpuidle: using governor ladder
[    3.625408] cpuidle: using governor menu
[    3.631896] PCCT header not found.
[    3.632934] ACPI: bus type PCI registered
[    3.639283] acpiphp: ACPI Hot Plug PCI Controller Driver version: 0.5
[    3.654245] PCI: Using configuration type 1 for base access
[    3.669811] ACPI: Added _OSI(Module Device)
[    3.677749] ACPI: Added _OSI(Processor Device)
[    3.678844] ACPI: Added _OSI(3.0 _SCP Extensions)
[    3.687109] ACPI: Added _OSI(Processor Aggregator Device)
[    3.698221] ACPI: Executed 1 blocks of module-level executable AML code
[    3.718503] ACPI: Interpreter enabled
[    3.722932] ACPI: (supports S0 S5)
[    3.729238] ACPI: Using IOAPIC for interrupt routing
[    3.735990] PCI: Using host bridge windows from ACPI; if necessary, use "pci=nocrs" and report a bug
[    3.749300] ACPI: PCI Root Bridge [PCI0] (domain 0000 [bus 00-ff])
[    3.763821] acpi PNP0A03:00: _OSC: OS supports [ASPM ClockPM Segments MSI]
[    3.770831] acpi PNP0A03:00: _OSC: not requesting OS control; OS requires [ExtendedConfig ASPM ClockPM MSI]
[    3.778241] acpi PNP0A03:00: fail to add MMCONFIG information, can't access extended PCI configuration space under this bridge.
[    3.786575] PCI host bridge to bus 0000:00
[    3.793016] pci_bus 0000:00: root bus resource [io  0x0000-0x0cf7 window]
[    3.794506] pci_bus 0000:00: root bus resource [io  0x0d00-0xffff window]
[    3.803845] pci_bus 0000:00: root bus resource [mem 0x000a0000-0x000bffff window]
[    3.805668] pci_bus 0000:00: root bus resource [mem 0x40000000-0xfdffffff window]
[    3.813740] pci_bus 0000:00: root bus resource [bus 00-ff]
[    3.822537] pci 0000:00:01.1: legacy IDE quirk: reg 0x10: [io  0x01f0-0x01f7]
[    3.829629] pci 0000:00:01.1: legacy IDE quirk: reg 0x14: [io  0x03f6]
[    3.849194] pci 0000:00:01.1: legacy IDE quirk: reg 0x18: [io  0x0170-0x0177]
[    3.861578] pci 0000:00:01.1: legacy IDE quirk: reg 0x1c: [io  0x0376]
[    3.890734] pci 0000:00:07.0: quirk: [io  0x4000-0x403f] claimed by PIIX4 ACPI
[    3.904638] pci 0000:00:07.0: quirk: [io  0x4100-0x410f] claimed by PIIX4 SMB
[    3.924366] ACPI: PCI Interrupt Link [LNKA] (IRQs 5 9 10 *11)
[    3.939893] ACPI: PCI Interrupt Link [LNKB] (IRQs 5 9 *10 11)
[    3.957993] ACPI: PCI Interrupt Link [LNKC] (IRQs 5 *9 10 11)
[    3.972197] ACPI: PCI Interrupt Link [LNKD] (IRQs 5 9 10 *11)
[    3.978264] ACPI: Enabled 2 GPEs in block 00 to 07
[    3.980477] vgaarb: setting as boot device: PCI:0000:00:02.0
[    3.983530] vgaarb: device added: PCI:0000:00:02.0,decodes=io+mem,owns=io+mem,locks=none
[    4.005097] vgaarb: loaded
[    4.011239] vgaarb: bridge control possible 0000:00:02.0
[    4.023169] SCSI subsystem initialized
[    4.043794] ACPI: bus type USB registered
[    4.044851] usbcore: registered new interface driver usbfs
[    4.046080] usbcore: registered new interface driver hub
[    4.047387] usbcore: registered new device driver usb
[    4.052950] PCI: Using ACPI for IRQ routing
[    4.059860] NetLabel: Initializing
[    4.069197] NetLabel:  domain hash size = 128
[    4.070659] NetLabel:  protocols = UNLABELED CIPSOv4
[    4.075564] NetLabel:  unlabeled traffic allowed by default
[    4.088026] amd_nb: Cannot enumerate AMD northbridges
[    4.095821] clocksource: Switched to clocksource kvm-clock
[   4.00] pAor: AppArmor Filesystem Enabled
[  4436] pnpPnACI init
[    4.651491] pnp: PnP ACPI: found 3 devices
[  4007]loksrc apim:ma: ffffma_cle 0fff,axdlns: 08570104 ns
[    5.76353NET: Registered protocol family 2

[    5.852601] TCP established hash table entries: 8192 (order: 4, 65536 bytes)
[    5.857719] TCP bind hash table entries: 8192 (order: 5, 131072 bytes)
[    5.859154] TCP: Hash tables configured (established 8192 bind 8192)
[  5665]DPastable entries: 512 (order: 2, 16384 bytes)
[  6.89] P-teastae trs: 512 (order: 2, 16384 bytes)
[  6906]ETRestedrocofaly
   7365]ci0000:00.0: Limiting direct PCI/PCI transfers
[   7.6610] pci 0000:00:01.0: Activating ISA DMA hang workarounds
[    7.75314] npki itramfs...

[    9.937032] Freeing initrd memory: 10844K
[    9.943755] RAPL PMU detected, API unit is 2^-32 Joules, 3 fixed counters 10737418240 ms ovfl timer
[    9.976664] hw unit of domain pp0-core 2^-0 Joules
[    9.991109] hw unit of domain package 2^-0 Joules
[    9.993343] hw unit of domain pp1-gpu 2^-0 Joules
[    9.994521] platform rtc_cmos: registered platform RTC device (no PNP device found)
[    9.996378] Scanning for low memory corruption every 60 seconds
[   10.011099] audit: initializing netlink subsys (disabled)
[   10.022791] audit: type=2000 audit(1521931249.401:1): initialized
[   10.024933] Initialise system trusted keyring
[   10.034564] HugeTLB registered 2 MB page size, pre-allocated 0 pages
[   10.048412] zbud: loaded
[   10.057662] VFS: Disk quotas dquot_6.6.0
[   10.066977] VFS: Dquot-cache hash table entries: 512 (order 0, 4096 bytes)
[   10.081190] squashfs: version 4.0 (2009/01/31) Phillip Lougher
[   10.083394] fuse init (API version 7.23)
[   10.1268] Key type big_key registered
[   10.17179] Alocating IMA MOK and blacklist keyrings.

[   10.298077] Key type asymmetric registered
[   10.301313] Asymmetric key parser 'x509' registered
[   10.302934] Block layer SCSI generic (bsg) driver version 0.4 loaded (major 249)
[   10.311591] io scheduler noop registered
[   10.329223] io scheduler deadline registered (default)
[   10.330451] io scheduler cfq registered
[   10.334219] pci_hotplug: PCI Hot Plug PCI Core version: 0.5
[   10.350454] pciehp: PCI Express Hot Plug Controller Driver version: 0.4
[   10.357923] ACPI: AC Adapter [AC] (off-line)
[   10.359442] input: Power Button as /devices/LNXSYSTM:00/LNXPWRBN:00/input/input0
[   10.375353] ACPI: Power Button [PWRF]
[   10.377075] input: Sleep Button as /devices/LNXSYSTM:00/LNXSLPBN:00/input/input1
[   10.379478] ACPI: Sleep Button [SLPF]
[   10.386400] GHES: HEST is not enabled!
[   10.387500] ACPI: Battery Slot [BAT0] (battery present)
[   10.416591] Serial: 8250/16550 driver, 32 ports, IRQ sharing enabled
[ 10461]0:02: ttyS0 at I/O 0x3f8 (irq = 4, base_baud = 115200) is a 16550A
[   10.679315] Linux agpgart interface v0.103
[   10.685210] loop: module loaded
[   10.696781] scsi host0: ata_piix
[   10.726918] scsi host1: ata_piix
[   10.741660] ata1: PATA max UDMA/33 cmd 0x1f0 ctl 0x3f6 bmdma 0xd000 irq 14
[   10.745957] ata2: PATA max UDMA/33 cmd 0x170 ctl 0x376 bmdma 0xd008 irq 15
[   10.766566] libphy: Fixed MDIO Bus: probed
[   10.769217] tun: Universal TUN/TAP device driver, 1.6
[   10.774424] tun: (C) 1999-2004 Max Krasnyansky <maxk@qualcomm.com>
[   10.782533] PPP generic driver version 2.4.2
[   10.784105] ehci_hcd: USB 2.0 'Enhanced' Host Controller (EHCI) Driver
[   10.797530] ehci-pci: EHCI PCI platform driver
[   10.821081] ehci-platform: EHCI generic platform driver
[   10.868075] ohci_hcd: USB 1.1 'Open' Host Controller (OHCI) Driver
[   10.891255] ohci-pci: OHCI PCI platform driver
[   10.892915] ohci-platform: OHCI generic platform driver
[   10.895084] uhci_hcd: USB Universal Host Controller Interface driver
[   10.900395] i8042: PNP: PS/2 Controller [PNP0303:PS2K,PNP0f03:PS2M] at 0x60,0x64 irq 1,12
[   10.907084] serio: i8042 KBD port at 0x60,0x64 irq 1
[   10.924261] serio: i8042 AUX port at 0x60,0x64 irq 12
[   10.936790] mousedev: PS/2 mouse device common for all mice
[   10.972375] input: AT Translated Set 2 keyboard as /devices/platform/i8042/serio0/input/input2
[   10.991954] tsc: Refined TSC clocksource calibration: 2493.955 MHz
[   10.991957] clocksource: tsc: mask: 0xffffffffffffffff max_cycles: 0x23f2eb4f7f0, max_idle_ns: 440795312229 ns
[   10.991983] rtc_cmos rtc_cmos: rtc core: registered rtc_cmos as rtc0
[   10.992061] rtc_cmos rtc_cmos: alarms up to one day, 114 bytes nvram
[   10.992080] i2c /dev entries driver
[   10.992157] device-mapper: uevent: version 1.0.3
[   11.033384] device-mapper: ioctl: 4.34.0-ioctl (2015-10-28) initialised: dm-devel@redhat.com
[   11.062707] ledtrig-cpu: registered to indicate activity on CPUs
[   11.064905] NET: Registered protocol family 10
[   11.078197] NET: Registered protocol family 17
[   11.084967] Key type dns_resolver registered
[   11.091742] microcode: CPU0 sig=0x306a9, pf=0x2, revision=0x19
[   11.106587] microcode: CPU1 sig=0x306a9, pf=0x2, revision=0x19
[   11.130242] microcode: Microcode Update Driver: v2.01 <tigran@aivazian.fsnet.co.uk>, Peter Oruba
[   11.149783] registered taskstats version 1
[   11.153990] Loading compiled-in X.509 certificates
[   11.169537] Loaded X.509 cert 'Build time autogenerated kernel key: aa84f01984fbd529c105810b59e379d349698248'
[   11.182614] zswap: loaded using pool lzo/zbud
[   11.192463] Key type trusted registered
[   11.209843] Key type encrypted registered
[   11.225063] AppArmor: AppArmor sha1 policy hashing enabled
[   11.226335] ima: No TPM chip found, activating TPM-bypass!
[   11.234343] evm: HMAC attrs: 0x1
[   11.245284]   Magic number: 10:253:705
[   11.264206] rtc_cmos rtc_cmos: setting system clock to 2018-03-24 22:40:49 UTC (1521931249)
[   11.270175] BIOS EDD facility v0.16 2004-Jun-25, 0 devices found
[   11.278296] EDD information not available.
[   11.313991] Freeing unused kernel memory: 1508K
[   11.360844] Write protecting the kernel read-only data: 14336k
[   11.419058] Freeing unused kernel memory: 1700K
[   11.492733] Freeing unused kernel memory: 104K
Loading, please wait...
starting version[   11.580390] random: systemd-udevd: uninitialized urandom read (16 bytes read, 3 bits of entropy available)
 229
[   11.581178] random: udevadm: uninitialized urandom read (16 bytes read, 3 bits of entropy available)
[   11.581218] random: udevadm: uninitialized urandom read (16 bytes read, 3 bits of entropy available)
[   11.604255] random: udevadm: uninitialized urandom read (16 bytes read, 3 bits of entropy available)
[   11.604325] random: udevadm: uninitialized urandom read (16 bytes read, 3 bits of entropy available)
[   11.604563] random: udevadm: uninitialized urandom read (16 bytes read, 3 bits of entropy available)
[   11.604654] random: udevadm: uninitialized urandom read (16 bytes read, 3 bits of entropy available)
[   11.604937] random: udevadm: uninitialized urandom read (16 bytes read, 3 bits of entropy available)
[   11.605108] random: udevadm: uninitialized urandom read (16 bytes read, 3 bits of entropy available)
[   11.605257] random: udevadm: uninitialized urandom read (16 bytes read, 3 bits of entropy available)
[   11.795127] e1000: Intel(R) PRO/1000 Network Driver - version 7.3.21-k8-NAPI
[   11.806339] e1000: Copyright (c) 1999-2006 Intel Corporation.
[   11.814265] Fusion MPT base driver 3.04.20
[   11.817171] Copyright (c) 1999-2008 LSI Corporation
[   11.839687] AVX version of gcm_enc/dec engaged.
[   11.843612] AES CTR mode by8 optimization enabled
[   11.878121] Fusion MPT SPI Host driver 3.04.20
[   12.055583] input: ImExPS/2 Generic Explorer Mouse as /devices/platform/i8042/serio1/input/input4
[   12.353225] e1000 0000:00:03.0 eth0: (PCI:33MHz:32-bit) 02:e1:a6:2d:7f:b0
[   13.337868] e1000 0000:00:03.0 eth0: Intel(R) PRO/1000 Network Connection
[   13.341268] mptbase: ioc0: Initiating bringup
[   13.362112] e1000 0000:00:03.0 enp0s3: renamed from eth0
[   13.428154] ioc0: LSI53C1030 A0: Capabilities={Initiator}
[   13.631426] scsi host2: ioc0: LSI53C1030 A0, FwRev=00000000h, Ports=1, MaxQ=256, IRQ=20
[   13.765151] scsi 2:0:0:0: Direct-Access     VBOX     HARDDISK         1.0  PQ: 0 ANSI: 5
[   13.993332] scsi target2:0:0: Beginning Domain Validation
[   14.001332] scsi target2:0:0: Domain Validation skipping write tests
[   14.339673] scsi target2:0:0: Ending Domain Validation
[   14.349638] scsi target2:0:0: asynchronous
[   14.358838] scsi 2:0:1:0: Direct-Access     VBOX     HARDDISK         1.0  PQ: 0 ANSI: 5
[   14.695954] scsi target2:0:1: Beginning Domain Validation
[   14.997943] floppy0: no floppy controllers found
[   15.000763] scsi target2:0:1: Domain Validation skipping write tests
[   15.005648] scsi target2:0:1: Ending Domain Validation
[   15.006948] scsi target2:0:1: asynchronous
[   15.038492] sd 2:0:0:0: [sda] 20971520 512-byte logical blocks: (10.7 GB/10.0 GiB)
[   15.039363] sd 2:0:0:0: Attached scsi generic sg0 type 0
[   15.040362] sd 2:0:1:0: Attached scsi generic sg1 type 0
[   15.040738] sd 2:0:1:0: [sdb] 20480 512-byte logical blocks: (10.5 MB/10.0 MiB)
[   15.040978] sd 2:0:1:0: [sdb] Write Protect is off
[   15.041197] sd 2:0:1:0: [sdb] Incomplete mode parameter data
[   15.041199] sd 2:0:1:0: [sdb] Assuming drive cache: write through
[   15.049699] sd 2:0:1:0: [sdb] Attached SCSI disk
[   15.288253] sd 2:0:0:0: [sda] Write Protect is off
[   15.290703] sd 2:0:0:0: [sda] Incomplete mode parameter data
[   15.307386] sd 2:0:0:0: [sda] Assuming drive cache: write through
[   15.314699]  sda: sda1
[   15.323221] sd 2:0:0:0: [sda] Attached SCSI disk
Begin: Loading e[   16.801098] md: linear personality registered for level -1
ssential drivers[   16.810250] md: multipath personality registered for level -4
 ... [   16.835462] md: raid0 personality registered for level 0
[   16.844715] md: raid1 personality registered for level 1
[   16.927900] raid6: sse2x1   gen()  7813 MB/s
[   16.999884] raid6: sse2x1   xor()  4747 MB/s
[   17.092046] raid6: sse2x2   gen()  7552 MB/s
[   17.176043] raid6: sse2x2   xor()  6942 MB/s
[   17.247972] raid6: sse2x4   gen() 11007 MB/s
[   17.339927] raid6: sse2x4   xor()  8371 MB/s
[   17.372769] raid6: using algorithm sse2x4 gen() 11007 MB/s
[   17.374518] raid6: .... xor() 8371 MB/s, rmw enabled
[   17.381471] raid6: using ssse3x2 recovery algorithm
[   17.392019] xor: automatically using best checksumming function:
[   17.435829]    avx       : 15213.000 MB/sec
[   17.448353] async_tx: api initialized (async)
[   17.459472] md: raid6 personality registered for level 6
[   17.466446] md: raid5 personality registered for level 5
[   17.476743] md: raid4 personality registered for level 4
[   17.490208] md: raid10 personality registered for level 10
done.
Begin: Running /scripts/init-premount ... done.
Begin: Mounting root file syst[   17.531454] Btrfs loaded
em ... Begin: Running /scripts/local-top ... done.
Begin: Running /scripts/local-premount ... Scanning for Btrfs filesystems
done.
Warning: fsck not present, so sk[   17.582830] EXT4-fs (sda1): mounted filesystem with ordered data mode. Opts: (null)
ipping root file system
done.
Begin: Running /scripts/local-bottom ... done.
Begin: Running /scripts/init-bottom ... done.
[   17.743560] systemd[1]: systemd 229 running in system mode. (+PAM +AUDIT +SELINUX +IMA +APPARMOR +SMACK +SYSVINIT +UTMP +LIBCRYPTSETUP +GCRYPT +GNUTLS +ACL +XZ -LZ4 +SECCOMP +BLKID +ELFUTILS +KMOD -IDN)
[   17.798104] systemd[1]: Detected virtualization oracle.
[   17.833547] systemd[1]: Detected architecture x86-64.

Welcome to [1mUbuntu 16.04.4 LTS[0m!

[   17.853720] systemd[1]: Set hostname to <hh-backend-dev>.
[   18.106000] systemd[1]: Set up automount Arbitrary Executable File Formats File System Automount Point.
[[0;32m  OK  [0m] Set up automount Arbitrary Executab...ats File System Automount Point.
[   18.149223] systemd[1]: Reached target Swap.
[[0;32m  OK  [0m] Reached target Swap.
[   18.168606] systemd[1]: Listening on udev Kernel Socket.
[[0;32m  OK  [0m] Listening on udev Kernel Socket.
[   18.201117] systemd[1]: Created slice System Slice.
[[0;32m  OK  [0m] Created slice System Slice.
[   18.235286] systemd[1]: Created slice system-serial\x2dgetty.slice.
[[0;32m  OK  [0m] Created slice system-serial\x2dgetty.slice.
[   18.271992] systemd[1]: Started Forward Password Requests to Wall Directory Watch.
[[0;32m  OK  [0m] Started Forward Password Requests to Wall Directory Watch.
[   18.296395] systemd[1]: Listening on udev Control Socket.
[[0;32m  OK  [0m] Listening on udev Control Socket.
[   18.328649] systemd[1]: Reached target User and Group Name Lookups.
[[0;32m  OK  [0m] Reached target User and Group Name Lookups.
[   18.370495] systemd[1]: Listening on Syslog Socket.
[[0;32m  OK  [0m] Listening on Syslog Socket.
[   18.380681] systemd[1]: Listening on Journal Socket.
[[0;32m  OK  [0m] Listening on Journal Socket.
[   18.416714] systemd[1]: Mounting Huge Pages File System...
         Mounting Huge Pages File System...
[   18.441411] systemd[1]: Mounting POSIX Message Queue File System...
         Mounting POSIX Message Queue File System...
[   18.467010] systemd[1]: Starting Load Kernel Modules...
         Starting Load Ke[   18.482476] Loading iSCSI transport class v2.0-870.
rnel Modules...
[   18.490256] systemd[1]: Starting Uncomplicated firewall...
         Startin[   18.511121] iscsi: registered transport (tcp)
g Uncomplicated firewall...
[   18.548240] systemd[1]: Starting Remount Root and Kernel File Systems...
         [   18.578895] iscsi: registered transport (iser)
Starting Remount[   18.580983] EXT4-fs (sda1): re-mounted. Opts: (null)
 Root and Kernel File Systems...
[   18.614881] systemd[1]: Starting Create list of required static device nodes for the current kernel...
         Starting Create list of required st... nodes for the current kernel...
[   18.700625] systemd[1]: Starting Nameserver information manager...
         Starting Nameserver information manager...
[ 1856895] systemd[1]: Listening on LVM2 metadata daemon socket.
[[0;32m  OK  [0m] Listening on LVM2 metadata daemon socket.
[ 18.912347] systemd[1]: Reached target Encrypted Volumes.
[[0;32m  OK  [0m] Reached target Encrypted Volumes.
[ 1920742] syste[1 Started Trigger resolvconf update for networkd DNS.

[[0;32m  OK  [0m] Started Trigger resolvconf update for networkd DNS.
[   9.256497] systemd[1]: Listening on /devnitctl Compatibility Named Pipe.
[[0;32m  OK  [0m] Listening on /dev/initctl Compatibility Named Pipe.
[   19.430746] systemd[1]: Listening on Journal Audit Socket.
[[0;32m  OK  [0m] Listening on Journal Audit Socket.
[   19.465337] systemd[1]: Created slice User and Session Slice.
[[0;32m  OK  [0m] Created slice User and Session Slice.
[   19.517890] systemd[1]: Reached target Slices.
[[0;32m  OK  [0m] Reached target Slices.
[   19.572242] systemd[1]: Starting Set console keymap...
         Starting Set console keymap...
[   19.600003] systemd[1]: Mounting Debug File System...
         Mounting Debug File System...
[   19.608263] systemd[1]: Listening on Device-mapper event daemon FIFOs.
[[0;32m  OK  [0m] Listening on Device-mapper event daemon FIFOs.
[   19.648725] systemd[1]: Starting Monitoring of LVM2 mirrors, snapshots etc. using dmeventd or progress polling...
[   19.668106] random: nonblocking pool is initialized
         Starting Monitoring of LVM2 mirrors... dmeventd or progress polling...
[   19.690716] systemd[1]: Listening on LVM2 poll daemon socket.
[[0;32m  OK  [0m] Listening on LVM2 poll daemon socket.
[   19.728343] systemd[1]: Listening on Journal Socket (/dev/log).
[[0;32m  OK  [0m] Listening on Journal Socket (/dev/log).
[   19.760612] systemd[1]: Starting Journal Service...
         Starting Journal Service...
[   19.788027] systemd[1]: Mounted Huge Pages File System.
[[0;32m  OK  [0m] Mounted Huge Pages File System.
[   19.794102] systemd[1]: Mounted POSIX Message Queue File System.
[[0;32m  OK  [0m] Mounted POSIX Message Queue File System.
[   19.800943] systemd[1]: Mounted Debug File System.
[[0;32m  OK  [0m] Mounted Debug File System.
[ 19.828729] systemd[1]: Started Journal Service.

[[0;32m  OK  [0m] Started Journal Service.
[[0;32m  OK  [0m] Started Load Kernel Modules.
[[0;32m  OK  [0m] Started Uncomplicated firewall.
[[0;32m  OK  [0m] Started Remount Root and Kernel File Systems.
[[0;32m  OK  [0m] Started Create list of required sta...ce nodes for the current kernel.
[[0;32m  OK  [0m] Started Set console keymap.
[[0;32m  OK  [0m] Started Nameserver information manager.
[[0;32m  OK  [0m] Started LVM2 metadata daemon.
         Starting Create Static Device Nodes in /dev...
         Starting Load/Save Random Seed...
         Starting Initial cloud-init job (pre-networking)...
         Starting udev Coldplug all Devices...
         Mounting FUSE Control File System...
         Starting Apply Kernel Variables...
         Starting Flush Journal to Persistent Storage...
[[0;32m  OK  [0m] Mounted FUSE Control File System.
[[0;32m  OK  [0m] Started Create Static Device Nodes in /dev.
[[0;32m  OK  [0m] Started Load/Save Random Seed.
[[0;32m  OK  [0m] Started Apply Kernel Variables.
[[0;32m  OK  [0m] Started Monitoring of LVM2 mirrors,...ng dmeventd or progress polling.
[[0;32m  OK  [0m] Started udev Coldplug all Devices.
[[0;32m  OK  [0m] Started Flush Journal to Persistent Storage.
         Starting udev Kernel Device Manager...
[[0;32m  OK  [0m] Started udev Kernel Device Manager.
[[0;32m  OK  [0m] Reached target Local File Systems (Pre).
[[0;32m  OK  [0m] Reached target Local File Systems.
         Starting Create Volatile Files and Directories...
         Starting Set console font and keymap...
         Starting LSB: AppArmor initialization...
         Starting Tell Plymouth To Write Out Runtime Data...
[[0;32m  OK  [0m] Started Dispatch Password Requests to Console Directory Watch.
[[0;32m  OK  [0m] Started Create Volatile Files and Directories.
[[0;32m  OK  [0m] Started Tell Plymouth To Write Out Runtime Data.
[[0;32m  OK  [0m] Found device /dev/ttyS0.
[[0;32m  OK  [0m] Reached target System Time Synchronized.
         Starting Update UTMP about System Boot/Shutdown...
[[0;32m  OK  [0m] Started Update UTMP about System Boot/Shutdown.
[[0;32m  OK  [0m] Started LSB: AppArmor initialization.
[[0;32m  OK  [0m] Listening on Load/Save RF Kill Switch Status /dev/rfkill Watch.
[[0;32m  OK  [0m] Started Set console font and keymap.
[   18.911213] cloud-init[453]: Cloud-init v. 17.1 running 'init-local' at Sat, 24 Mar 2018 22:41:00 +0000. Up 18.38 seconds.
[[0;32m  OK  [0m] Created slice system-getty.slice.
[[0;32m  OK  [0m] Found device 82540EM Gigabit Ethern...r (PRO/1000 MT Desktop Adapter).
[[0;32m  OK  [0m] Started Initial cloud-init job (pre-networking).
[[0;32m  OK  [0m] Reached target Network (Pre).
[[0;32m  OK  [0m] Started ifup for enp0s3.
         Starting Raise network interfaces...
[[0;32m  OK  [0m] Started Raise network interfaces.
         Starting Initial cloud-init job (metadata service crawler)...
[[0;32m  OK  [0m] Reaahed target Network.
[   21.316261] cloud-init[957]: Cloud-init v. 17.1 running 'init' at Sat, 24 Mar 2018 22:41:02 +0000. Up 20.91 seconds.
[   21.340010] cloud-init[957]: ci-info: +++++++++++++++++++++++++++++++++++++Net device info++++++++++++++++++++++++++++++++++++++
[   21.377044] cloud-init[957]: ci-info: +--------+------+----------------------------+---------------+-------+-------------------+
[   21.417363] cloud-init[957]: ci-info: | Device |  Up  |          Address           |      Mask     | Scope |     Hw-Address    |
[   21.417738] cloud-init[957]: ci-info: +--------+------+----------------------------+---------------+-------+-------------------+
[[0;32m  OK  [0m] Started Initial cloud-init job (metadata service crawler).
[   21.418053] cloud-init[957]: ci-info: | enp0s3 | True |         10.0.2.15          | 255.255.255.0 |   .   | 02:e1:a6:2d:7f:b0 |
[   21.752958] cloud-init[957]: ci-info: | enp0s3 | True | fe80::e1:a6ff:fe2d:7fb0/64 |       .       |  link | 02:e1:a6:2d:7f:b0 |
[   21.753322] cloud-init[[957]: [0;32m  OK  [0mci-info: |   lo   | True |         127.0.0.1          |   255.0.0.0   |   .   |         .         |] 
Reached target Cloud-config availability.
[[   21.753709] cloud-init[957]: ci-info: |   lo   | True |          ::1/128           |       .       |  host |         .         |
[   21.845810] cloud-init[957]: ci-info: +--------+------+----------------------------+---------------+-------+-------------------+
[0;32m  OK  [0m] Reached target Network is Online.
[   21.846399] cloud-init[957]: ci-info: +++++++++++++++++++++++++++Route IPv4 info++++++++++++++++++++++++++++
[   21.937846] cloud-init[957]: ci-info: +-------+-------------+----------+---------------+-----------+-------+
         Starting iSCSI initiator daemon (iscsid)...
[   21.938223] cloud-init[957]: ci-info: | Route | Destination | Gateway  |    Genmask    | Interface | Flags |
[   22.000467] cloud-init[957]: ci-info: +-------+-------------+----------+---------------+-----------+-------+
[   22.000891] cloud-init[957]: ci-info: |   0   |   0.0.0.0   | 10.0.2.2 |    0.0.0.0    |   enp0s3  |   UG  |
[[0;32m  OK  [0m] Reached target System Initialization.
         [   22.001057] Starting Socket activation for snappy daemon.cloud-init
[957]: ci-info: |   1   |   10.0.2.0  | 0.0.0.0  | 255.255.255.0 |   enp0s3  |   U   |
[   22.197011] cloud-init[957]: ci-info: +-------+-------------+----------+---------------+-----------+-------+
[[0;32m  OK  [0m] Started Daily Cleanup of Temporary Directories.
[[0;32m  OK  [0m] Started ACPI Events Check.
[[0;32m  OK  [0m] Reached target Paths.
[[0;32m  OK  [0m] Listening on UUID daemon activation socket.
[[0;32m  OK  [0m] Listening on ACPID Listen Socket.
[[0;32m  OK  [0m] Started Timer to automatically refresh installed snaps.
[[0;32m  OK  [0m] Listening on D-Bus System Message Bus Socket.
[[0;32m  OK  [0m] Started Daily apt download activities.
[[0;32m  OK  [0m] Started Daily apt upgrade and clean activities.
[[0;32m  OK  [0m] Reached target Timers.
         Starting Docker Socket for the API.
         Starting LXD - unix socket.
[[0;32m  OK  [0m] Listening on Socket activation for snappy daemon.
[[0;32m  OK  [0m] Listening on Docker Socket for the API.
[[0;32m  OK  [0m] Listening on LXD - unix socket.
[[0;32m  OK  [0m] Started iSCSI initiator daemon (iscsid).
         Starting Login to default iSCSI targets...
[[0;32m  OK  [0m] Reached target Sockets.
[[0;32m  OK  [0m] Reached target Basic System.
         Starting LSB: Record successful boot for GRUB...
         Starting /etc/rc.local Compatibility...
         Starting Login Service...
[[0;32m  OK  [0m] Started Regular background program processing daemon.
         Starting Snappy daemon...
         Starting Accounts Service...
         Starting LSB: MD monitoring daemon...
         Starting System Logging Service...
         Starting Docker Application Container Engine...
         Starting LXD - container startup/shutdown...
[[0;32m  OK  [0m] Started Unattended Upgrades Shutdown.
[[0;32m  OK  [0m] Started D-Bus System Message Bus.
         Starting Apply the settings specified in cloud-config...
         Starting OpenBSD Secure Shell server...
[[0;32m  OK  [0m] Started FUSE filesystem for LXC.
[[0;32m  OK  [0m] Started Deferred execution scheduler.
[[0;32m  OK  [0m] Started ACPI event daemon.
[[0;32m  OK  [0m] Started System Logging Service.
[[0;32m  OK  [0m] Started Snappy daemon.
[[0;32m  OK  [0m] Started OpenBSD Secure Shell server.
[[0;32m  OK  [0m] Started /etc/rc.local Compatibility.
[[0;32m  OK  [0m] Started LXD - container startup/shutdown.
[[0;32m  OK  [0m] Started LSB: Record successful boot for GRUB.
[[0;32m  OK  [0m] Started Login to default iSCSI targets.
[[0;32m  OK  [0m] Started LSB: MD monitoring daemon.
[[0;32m  OK  [0m] Started Login Service.
         Starting Authenticate and Authorize Users to Run Privileged Tasks...
[[0;32m  OK  [0m] Reached target Remote File Systems (Pre).
[[0;32m  OK  [0m] Reached target Remote File Systems.
         Starting LSB: Set the CPU Frequency Scaling governor to "ondemand"...
         Starting LSB: automatic crash report generation...
         Starting Permit User Sessions...
         Starting LSB: daemon to balance interrupts for SMP systems...
         Starting LSB: VirtualBox Linux Additions...
[[0;32m  OK  [0m] Started Permit User Sessions.
[[0;32m  OK  [0m] Started Authenticate and Authorize Users to Run Privileged Tasks.
[[0;32m  OK  [0m] Started Accounts Service.
[[0;32m  OK  [0m] Started LSB: Set the CPU Frequency Scaling governor to "ondemand".
         Starting Terminate Plymouth Boot Screen...
         Starting Hold until boot process finishes up...
[[0;32m  OK  [0m] Started Terminate Plymouth Boot Screen.
[[0;32m  OK  [0m] Started Hold until boot process finishes up.
         Starting Set console scheme...
[[0;32m  OK  [0m] Started Serial Getty on ttyS0.
[[0;32m  OK  [0m] Started Getty on tty1.
[[0;32m  OK  [0m] Reached target Login Prompts.
[[0;32m  OK  [0m] Started LSB: automatic crash report generation.
[[0;32m  OK  [0m] Started LSB: daemon to balance interrupts for SMP systems.
[[0;32m  OK  [0m] Started Set console scheme.
[[0;32m  OK  [0m] Started LSB: VirtualBox Linux Additions.
[[0;32m  OK  [0m] Created slice User Slice of vagrant.
         Starting User Manager for UID 1000...
[[0;32m  OK  [0m] Started Session 1 of user vagrant.
[[0;32m  OK  [0m] Started User Manager for UID 1000.
[   24.715499] cloud-init[1062]: Cloud-init v. 17.1 running 'modules:config' at Sat, 24 Mar 2018 22:41:05 +0000. Up 24.09 seconds.
[[0;32m  OK  [0m] Started Apply the settings specified in cloud-config.
[[0;32m  OK  [0m] Started Docker Application Container Engine.
[[0;32m  OK  [0m] Reached target Multi-User System.
[[0;32m  OK  [0m] Reached target Graphical Interface.
         Starting Update UTMP about System Runlevel Changes...
         Starting Execute cloud user/final scripts...
[[0;32m  OK  [0m] Started Update UTMP about System Runlevel Changes.
         Stopping User Manager for UID 1000...
[[0;32m  OK  [0m] Stopped User Manager for UID 1000.
[[0;32m  OK  [0m] Removed slice User Slice of vagrant.
[   26.508637] cloud-init[1518]: Cloud-init v. 17.1 running 'modules:final' at Sat, 24 Mar 2018 22:41:07 +0000. Up 26.22 seconds.
[[   26.576852] cloud-init[1518]: Cloud-init v. 17.1 finished at Sat, 24 Mar 2018 22:41:08 +0000. Datasource DataSourceNoCloud [seed=/dev/sdb][dsmode=net].  Up 26.49 seconds
[0;32m  OK  [0m] Started Execute cloud user/final scripts.
[[0;32m  OK  [0m] Reached target Cloud-init target.

Ubuntu 16.04.4 LTS hh-backend-dev ttyS0

hh-backend-dev login: 